[17:05:01] [main/WARN]: Ambiguity between arguments [teleport, destination] and [teleport, targets] with inputs: [Player, 0123, @e, dd12be42-52a9-4a91-a8a1-11c01849e498]
[17:05:01] [main/WARN]: Ambiguity between arguments [teleport, location] and [teleport, destination] with inputs: [0.1 -0.5 .9, 0 0 0]
[17:05:01] [main/WARN]: Ambiguity between arguments [teleport, location] and [teleport, targets] with inputs: [0.1 -0.5 .9, 0 0 0]
[17:05:01] [main/WARN]: Ambiguity between arguments [teleport, targets] and [teleport, destination] with inputs: [Player, 0123, dd12be42-52a9-4a91-a8a1-11c01849e498]
[17:05:01] [main/WARN]: Ambiguity between arguments [teleport, targets, location] and [teleport, targets, destination] with inputs: [0.1 -0.5 .9, 0 0 0]
[17:05:01] [Server thread/INFO]: Starting minecraft server version 1.15.2
[17:05:01] [Server thread/INFO]: Loading properties
[17:05:01] [Server thread/INFO]: Default game type: CREATIVE
[17:05:01] [Server thread/INFO]: Generating keypair
[17:05:02] [Server thread/INFO]: Starting Minecraft server on *:25565
[17:05:02] [Server thread/INFO]: Using epoll channel type
[17:05:04] [Server thread/INFO]: Preparing level "world"
[17:05:04] [Server thread/INFO]: Found new data pack vanilla, loading it automatically
[17:05:04] [Server thread/INFO]: Reloading ResourceManager: Default
[17:05:08] [Server thread/INFO]: Loaded 6 recipes
[17:05:09] [Server thread/INFO]: Loaded 825 advancements
[17:05:42] [User Authenticator #1/INFO]: UUID of player natnatmei is 3ca031c5-ce8f-423e-82c9-6100bb5330f1
[17:05:59] [Server thread/INFO]: Preparing start region for dimension minecraft:overworld
[17:06:00] [Server-Worker-1/INFO]: Preparing spawn area: 0%
[17:06:00] [Server-Worker-1/INFO]: Preparing spawn area: 0%
[17:06:00] [Server-Worker-1/INFO]: Preparing spawn area: 0%
[17:06:01] [Server-Worker-1/INFO]: Preparing spawn area: 0%
[17:06:01] [Server-Worker-1/INFO]: Preparing spawn area: 0%
[17:06:02] [Server-Worker-1/INFO]: Preparing spawn area: 0%
[17:06:02] [Server-Worker-1/INFO]: Preparing spawn area: 0%
[17:06:03] [Server-Worker-1/INFO]: Preparing spawn area: 1%
[17:06:03] [Server-Worker-1/INFO]: Preparing spawn area: 1%
[17:06:04] [Server-Worker-1/INFO]: Preparing spawn area: 1%
[17:06:05] [Server-Worker-1/INFO]: Preparing spawn area: 2%
[17:06:05] [Server-Worker-1/INFO]: Preparing spawn area: 3%
[17:06:05] [Server-Worker-1/INFO]: Preparing spawn area: 3%
[17:06:06] [Server-Worker-1/INFO]: Preparing spawn area: 4%
[17:06:07] [Server-Worker-1/INFO]: Preparing spawn area: 4%
[17:06:07] [Server-Worker-1/INFO]: Preparing spawn area: 5%
[17:06:07] [Server-Worker-1/INFO]: Preparing spawn area: 5%
[17:06:08] [Server-Worker-1/INFO]: Preparing spawn area: 6%
[17:06:08] [Server-Worker-1/INFO]: Preparing spawn area: 7%
[17:06:09] [Server-Worker-1/INFO]: Preparing spawn area: 8%
[17:06:09] [Server-Worker-1/INFO]: Preparing spawn area: 9%
[17:06:10] [Server-Worker-1/INFO]: Preparing spawn area: 9%
[17:06:10] [Server-Worker-1/INFO]: Preparing spawn area: 9%
[17:06:11] [Server-Worker-1/INFO]: Preparing spawn area: 10%
[17:06:11] [Server-Worker-1/INFO]: Preparing spawn area: 12%
[17:06:12] [Server-Worker-1/INFO]: Preparing spawn area: 13%
[17:06:12] [Server-Worker-1/INFO]: Preparing spawn area: 13%
[17:06:13] [Server-Worker-1/INFO]: Preparing spawn area: 15%
[17:06:13] [Server-Worker-1/INFO]: Preparing spawn area: 16%
[17:06:14] [Server-Worker-1/INFO]: Preparing spawn area: 17%
[17:06:14] [Server-Worker-1/INFO]: Preparing spawn area: 18%
[17:06:15] [Server-Worker-1/INFO]: Preparing spawn area: 19%
[17:06:15] [Server-Worker-1/INFO]: Preparing spawn area: 21%
[17:06:16] [Server-Worker-1/INFO]: Preparing spawn area: 22%
[17:06:17] [Server-Worker-1/INFO]: Preparing spawn area: 22%
[17:06:17] [Server-Worker-1/INFO]: Preparing spawn area: 24%
[17:06:17] [Server-Worker-1/INFO]: Preparing spawn area: 25%
[17:06:18] [Server-Worker-1/INFO]: Preparing spawn area: 26%
[17:06:18] [Server-Worker-1/INFO]: Preparing spawn area: 27%
[17:06:19] [Server-Worker-1/INFO]: Preparing spawn area: 29%
[17:06:19] [Server-Worker-1/INFO]: Preparing spawn area: 29%
[17:06:20] [Server-Worker-1/INFO]: Preparing spawn area: 30%
[17:06:20] [Server-Worker-1/INFO]: Preparing spawn area: 32%
[17:06:21] [Server-Worker-1/INFO]: Preparing spawn area: 33%
[17:06:21] [Server-Worker-1/INFO]: Preparing spawn area: 35%
[17:06:22] [Server-Worker-1/INFO]: Preparing spawn area: 36%
[17:06:22] [Server-Worker-1/INFO]: Preparing spawn area: 37%
[17:06:23] [Server-Worker-1/INFO]: Preparing spawn area: 40%
[17:06:23] [Server-Worker-1/INFO]: Preparing spawn area: 41%
[17:06:24] [Server-Worker-1/INFO]: Preparing spawn area: 42%
[17:06:24] [Server-Worker-1/INFO]: Preparing spawn area: 44%
[17:06:25] [Server-Worker-1/INFO]: Preparing spawn area: 46%
[17:06:25] [Server-Worker-1/INFO]: Preparing spawn area: 48%
[17:06:26] [Server-Worker-1/INFO]: Preparing spawn area: 49%
[17:06:27] [Server-Worker-1/INFO]: Preparing spawn area: 51%
[17:06:27] [Server-Worker-1/INFO]: Preparing spawn area: 51%
[17:06:27] [Server-Worker-1/INFO]: Preparing spawn area: 53%
[17:06:28] [Server-Worker-1/INFO]: Preparing spawn area: 54%
[17:06:28] [Server-Worker-1/INFO]: Preparing spawn area: 56%
[17:06:29] [Server-Worker-1/INFO]: Preparing spawn area: 57%
[17:06:29] [Server-Worker-1/INFO]: Preparing spawn area: 59%
[17:06:30] [Server-Worker-1/INFO]: Preparing spawn area: 60%
[17:06:30] [Server-Worker-1/INFO]: Preparing spawn area: 62%
[17:06:31] [Server-Worker-1/INFO]: Preparing spawn area: 64%
[17:06:31] [Server-Worker-1/INFO]: Preparing spawn area: 65%
[17:06:32] [Server-Worker-1/INFO]: Preparing spawn area: 67%
[17:06:32] [Server-Worker-1/INFO]: Preparing spawn area: 68%
[17:06:33] [Server-Worker-1/INFO]: Preparing spawn area: 70%
[17:06:33] [Server-Worker-1/INFO]: Preparing spawn area: 72%
[17:06:34] [Server-Worker-1/INFO]: Preparing spawn area: 75%
[17:06:34] [Server-Worker-1/INFO]: Preparing spawn area: 75%
[17:06:35] [Server-Worker-1/INFO]: Preparing spawn area: 78%
[17:06:35] [Server-Worker-1/INFO]: Preparing spawn area: 79%
[17:06:36] [Server-Worker-1/INFO]: Preparing spawn area: 81%
[17:06:37] [Server-Worker-1/INFO]: Preparing spawn area: 83%
[17:06:37] [Server-Worker-1/INFO]: Preparing spawn area: 84%
[17:06:37] [Server-Worker-1/INFO]: Preparing spawn area: 85%
[17:06:38] [Server-Worker-1/INFO]: Preparing spawn area: 87%
[17:06:38] [Server-Worker-1/INFO]: Preparing spawn area: 89%
[17:06:39] [Server-Worker-1/INFO]: Preparing spawn area: 91%
[17:06:39] [Server-Worker-1/INFO]: Preparing spawn area: 93%
[17:06:40] [Server-Worker-1/INFO]: Preparing spawn area: 94%
[17:06:40] [Server-Worker-1/INFO]: Preparing spawn area: 96%
[17:06:41] [Server-Worker-1/INFO]: Preparing spawn area: 99%
[17:06:41] [Server thread/INFO]: Time elapsed: 41832 ms
[17:06:41] [Server thread/INFO]: Done (97.803s)! For help, type "help"
[17:06:41] [Server thread/INFO]: Starting remote control listener
[17:06:41] [RCON Listener #1/INFO]: RCON running on 0.0.0.0:25575
[17:06:42] [Server thread/INFO]: com.mojang.authlib.GameProfile@7332b56a[id=3ca031c5-ce8f-423e-82c9-6100bb5330f1,name=natnatmei,properties={textures=[com.mojang.authlib.properties.Property@277606b7]},legacy=false] (/172.17.0.1:43374) lost connection: Disconnected
[17:07:04] [User Authenticator #2/INFO]: UUID of player natnatmei is 3ca031c5-ce8f-423e-82c9-6100bb5330f1
[17:07:04] [Server thread/INFO]: natnatmei[/172.17.0.1:43384] logged in with entity id 234 at (68.5, 70.0, 19.5)
[17:07:04] [Server thread/INFO]: natnatmei joined the game
[17:07:08] [Server thread/WARN]: Can't keep up! Is the server overloaded? Running 2003ms or 40 ticks behind
[17:07:16] [User Authenticator #3/INFO]: UUID of player Mrjetpacks is 1a642a6e-77ad-481e-b389-01d7e3c10f01
[17:07:16] [Server thread/INFO]: Mrjetpacks[/172.17.0.1:43396] logged in with entity id 351 at (58.5, 68.0, 20.5)
[17:07:16] [Server thread/INFO]: Mrjetpacks joined the game
[17:07:33] [Server thread/INFO]: [Mrjetpacks: Teleported natnatmei to Mrjetpacks]
[17:08:36] [Server thread/INFO]: [Mrjetpacks: Successfully filled 910 blocks]
[17:08:37] [Server thread/INFO]: [natnatmei: Teleported natnatmei to Mrjetpacks]
[17:11:48] [Server thread/WARN]: Can't keep up! Is the server overloaded? Running 5353ms or 107 ticks behind
[17:14:04] [Server thread/INFO]: Mrjetpacks has made the advancement [Stone Age]
[17:16:50] [Server thread/WARN]: Can't keep up! Is the server overloaded? Running 2039ms or 40 ticks behind
[17:17:20] [Server thread/INFO]: [Mrjetpacks: Set the time to 1000]
[17:17:32] [Server thread/INFO]: [Mrjetpacks: Successfully filled 919 blocks]
[17:20:15] [Server thread/INFO]: natnatmei has made the advancement [Stone Age]
[17:26:47] [Server thread/INFO]: [Mrjetpacks: Set the time to 1000]
[17:31:31] [Server thread/INFO]: <natnatmei> GeGe, do you think it is exeptional?
[17:31:39] [Server thread/INFO]: <Mrjetpacks> can you make it more zen?
[17:31:44] [Server thread/INFO]: <Mrjetpacks> less glam
[17:31:46] [Server thread/INFO]: <natnatmei> k
[17:31:51] [Server thread/WARN]: Mrjetpacks moved too quickly! -0.39623212658250395,-1.9643607030373005,-10.00685471678645
[17:31:57] [Server thread/INFO]: <Mrjetpacks> also its not really circular
[17:34:15] [Server thread/INFO]: <Mrjetpacks> nice im liking it
[17:36:11] [Server thread/INFO]: [Mrjetpacks: Set the time to 1000]
[17:36:51] [Server thread/WARN]: natnatmei moved too quickly! -9.182026595915772,-3.9334106804884925,0.5692292972465225
[17:38:34] [Server thread/INFO]: <natnatmei> are you going to put water there?
[17:38:36] [Server thread/INFO]: <Mrjetpacks> yea
[17:38:41] [Server thread/INFO]: <natnatmei> :)
[17:43:57] [Server thread/INFO]: <Mrjetpacks> imma build a sakura tree
[17:44:03] [Server thread/INFO]: <natnatmei> ohh
[17:45:35] [Server thread/INFO]: [Mrjetpacks: Set the time to 1000]
[17:46:33] [Server thread/INFO]: [Mrjetpacks: Set the weather to clear]
[17:46:36] [Server thread/INFO]: [natnatmei: Set the weather to clear]
[17:46:46] [Server thread/INFO]: <natnatmei> where is the sakura
[17:47:03] [Server thread/INFO]: <natnatmei> Oh, I did'nt see it\
[17:50:22] [Server thread/INFO]: <Mrjetpacks> what are you building
[17:50:28] [Server thread/INFO]: <natnatmei> sakura
[17:50:38] [Server thread/INFO]: <Mrjetpacks> a big one?
[17:50:48] [Server thread/INFO]: <natnatmei> yea
[17:51:58] [Server thread/INFO]: [Mrjetpacks: Set the weather to clear]
[17:55:03] [Server thread/INFO]: [Mrjetpacks: Set the time to 1000]
[17:56:34] [Server thread/INFO]: <natnatmei> i dont like mine, You
[17:56:41] [Server thread/INFO]: <Mrjetpacks> make it 3d
[17:56:50] [Server thread/WARN]: Mrjetpacks moved too quickly! 1.827012512352212,5.8231399780674025,7.944986610922285
[17:56:57] [Server thread/INFO]: <natnatmei> Im gonna destroy it
[17:57:05] [Server thread/INFO]: [Mrjetpacks: Set the weather to clear]
[17:57:23] [Server thread/INFO]: Mrjetpacks has made the advancement [A Seedy Place]
[17:57:51] [Server thread/INFO]: natnatmei has made the advancement [A Seedy Place]
[18:00:42] [Server thread/INFO]: [Mrjetpacks: Set the world spawn point to 146, 79, -106]
[18:01:21] [Server thread/INFO]: <natnatmei> you cant read it
[18:01:51] [Server thread/WARN]: Can't keep up! Is the server overloaded? Running 2632ms or 52 ticks behind
[18:01:59] [Server thread/WARN]: Player natnatmei just tried to change non-editable sign
[18:02:12] [Server thread/WARN]: Player natnatmei just tried to change non-editable sign
[18:02:28] [Server thread/INFO]: [Mrjetpacks: Set the weather to clear]
[18:02:29] [Server thread/WARN]: Player natnatmei just tried to change non-editable sign
[18:02:59] [Server thread/INFO]: [Mrjetpacks: Gave 1 [Barrier] to Mrjetpacks]
[18:03:36] [Server thread/INFO]: <Mrjetpacks> dont break it
[18:05:27] [Server thread/INFO]: [natnatmei: Set the time to 1000]
[18:05:37] [Server thread/INFO]: <Mrjetpacks> how should we light it up
[18:10:39] [Server thread/INFO]: [Mrjetpacks: Set the time to 1000]
[18:10:46] [Server thread/INFO]: [Mrjetpacks: Set the weather to clear]
[18:11:05] [Server thread/INFO]: natnatmei has made the advancement [Monster Hunter]
[18:11:53] [Server thread/WARN]: Can't keep up! Is the server overloaded? Running 2435ms or 48 ticks behind
[18:13:03] [Server thread/INFO]: <natnatmei> what's that?
[18:13:07] [Server thread/INFO]: <Mrjetpacks> a path
[18:13:17] [Server thread/INFO]: <natnatmei> Cool
[18:15:53] [Server thread/INFO]: <Mrjetpacks> what are you doing
[18:15:57] [Server thread/INFO]: [Mrjetpacks: Set the weather to clear]
[18:17:26] [Server thread/INFO]: Mrjetpacks lost connection: Disconnected
[18:17:26] [Server thread/INFO]: Mrjetpacks left the game
[18:17:32] [Server thread/INFO]: natnatmei lost connection: Disconnected
[18:17:32] [Server thread/INFO]: natnatmei left the game
[18:18:08] [User Authenticator #4/INFO]: UUID of player Mrjetpacks is 1a642a6e-77ad-481e-b389-01d7e3c10f01
[18:18:08] [Server thread/INFO]: Mrjetpacks[/172.17.0.1:43686] logged in with entity id 10900 at (137.10025635901826, 82.16260534366896, -103.26356217198425)
[18:18:08] [Server thread/INFO]: Mrjetpacks joined the game
[18:39:36] [RCON Listener #1/INFO]: Rcon connection from: /127.0.0.1
[18:39:36] [Server thread/INFO]: [Rcon: Stopping the server]
[18:39:36] [Server thread/INFO]: Stopping server
[18:39:36] [Server thread/INFO]: Saving players
[18:39:36] [Server thread/INFO]: Mrjetpacks lost connection: Server closed
[18:39:36] [Server thread/INFO]: Mrjetpacks left the game
[18:39:36] [Server thread/INFO]: Saving worlds
[18:39:36] [Server thread/INFO]: Saving chunks for level 'world'/minecraft:the_end
[18:39:36] [Server thread/INFO]: ThreadedAnvilChunkStorage (DIM1): All chunks are saved
[18:39:36] [Server thread/INFO]: Saving chunks for level 'world'/minecraft:the_nether
[18:39:36] [Server thread/INFO]: ThreadedAnvilChunkStorage (DIM-1): All chunks are saved
[18:39:36] [Server thread/INFO]: Saving chunks for level 'world'/minecraft:overworld
[18:39:37] [Server thread/INFO]: ThreadedAnvilChunkStorage (world): All chunks are saved
[18:39:37] [Server thread/INFO]: ThreadedAnvilChunkStorage (DIM1): All chunks are saved
[18:39:37] [Server thread/INFO]: ThreadedAnvilChunkStorage (DIM-1): All chunks are saved
[18:39:37] [Server thread/INFO]: ThreadedAnvilChunkStorage (world): All chunks are saved
